<!doctype html>
<html lang="">
<head>
    <meta charset="UTF-8">
    <meta name="viewport"
          content="width=device-width, user-scalable=no, initial-scale=1.0, maximum-scale=1.0, minimum-scale=1.0">
    <meta http-equiv="X-UA-Compatible" content="ie=edge">
    <title>Test Results Report - Test16</title>

    <link href="reportng.css" rel="stylesheet" type="text/css"/>
</head>
<body>
<div id="meta">
Generated by <a href="http://www.testng.org" target="_blank">TestNG</a> with <a href="https://github.com/testng-team/reportng" target="_blank">ReportNG</a>
at 17:11 IST on Wednesday 18 October 2023
    <br/><span
    id="systemInfo">chicmic@cpe-192-180-5-27.kya.res.rr.com&nbsp;/&nbsp;Java 21 (Oracle Corporation)&nbsp;/&nbsp;Mac OS X 14.0 (x86_64)</span>
</div>
<h1>Test16</h1>

<p>
    <a href="index.html">Suites</a>
        &#183; <a href="output.html">Log Output</a>
</p>

<p>Test duration
    : 138.412s</p>


    <table class="resultsTable">
        <tr>
            <th colspan="3" class="header failed">Failed Tests</th>
        </tr>
            <tr>
                <td class="group" colspan="3">cuesz02.Iosapp_member_home_PerformScreen.Case11_Perform_recommendedactivity</td>
            </tr>
    <tr>
        <td class="method">
                perfom_recommendedactivty
        </td>
        <td class="duration">
            81.989s
        </td>
        <td class="result">
            <!-- Display the dependencies for skipped test methods -->


            <!-- Show logger output for the test -->

                <a href="javascript:toggleElement('exception-0', 'block')"
                   title="Click to expand/collapse">
                    <b>org.openqa.selenium.NoSuchElementException: An element could not be located on the page using the given search parameters.<br/>
For documentation on this error, please visit: https://www.selenium.dev/documentation/webdriver/troubleshooting/errors#no-such-element-exception<br/>
Build info: version: &apos;4.14.1&apos;, revision: &apos;03f8ede370&apos;<br/>
System info: os.name: &apos;Mac OS X&apos;, os.arch: &apos;x86_64&apos;, os.version: &apos;14.0&apos;, java.version: &apos;21&apos;<br/>
Driver info: io.appium.java_client.ios.IOSDriver<br/>
Command: [5fa90656-66ba-427e-b353-064dd87b5a06, findElement {using=-ios class chain, value=**/XCUIElementTypeStaticText[`label == &quot;4&quot;`][1]}]<br/>
Capabilities {appium:automationName: XCuiTest, appium:databaseEnabled: false, appium:deviceName: iPhone 11, appium:javascriptEnabled: true, appium:locationContextEnabled: false, appium:networkConnectionEnabled: false, appium:platformVersion: 17.0, appium:takesScreenshot: true, appium:udid: 626549EB-A1C6-40B2-B376-437..., appium:wdaLaunchTimeout: 30000, appium:webStorageEnabled: false, platformName: IOS}<br/>
Session ID: 5fa90656-66ba-427e-b353-064dd87b5a06</b>
                </a>
                <br/>
                <div class="stackTrace" id="exception-0">
                        java.base/jdk.internal.reflect.DirectConstructorHandleAccessor.newInstance(DirectConstructorHandleAccessor.java:62)<br/>
                        java.base/java.lang.reflect.Constructor.newInstanceWithCaller(Constructor.java:502)<br/>
                        java.base/java.lang.reflect.Constructor.newInstance(Constructor.java:486)<br/>
                        org.openqa.selenium.remote.codec.w3c.W3CHttpResponseCodec.createException(W3CHttpResponseCodec.java:200)<br/>
                        org.openqa.selenium.remote.codec.w3c.W3CHttpResponseCodec.decode(W3CHttpResponseCodec.java:133)<br/>
                        org.openqa.selenium.remote.codec.w3c.W3CHttpResponseCodec.decode(W3CHttpResponseCodec.java:52)<br/>
                        org.openqa.selenium.remote.HttpCommandExecutor.execute(HttpCommandExecutor.java:191)<br/>
                        io.appium.java_client.remote.AppiumCommandExecutor.execute(AppiumCommandExecutor.java:250)<br/>
                        org.openqa.selenium.remote.RemoteWebDriver.execute(RemoteWebDriver.java:602)<br/>
                        org.openqa.selenium.remote.ElementLocation$ElementFinder$2.findElement(ElementLocation.java:165)<br/>
                        org.openqa.selenium.remote.ElementLocation.findElement(ElementLocation.java:59)<br/>
                        org.openqa.selenium.remote.RemoteWebDriver.findElement(RemoteWebDriver.java:359)<br/>
                        org.openqa.selenium.remote.RemoteWebDriver.findElement(RemoteWebDriver.java:353)<br/>
                        cuesz02.Iosapp_member_home_PerformScreen.Case11_Perform_recommendedactivity.perfom_recommendedactivty(Case11_Perform_recommendedactivity.java:222)<br/>
                        java.base/jdk.internal.reflect.DirectMethodHandleAccessor.invoke(DirectMethodHandleAccessor.java:103)<br/>
                        java.base/java.lang.reflect.Method.invoke(Method.java:580)<br/>
                        org.testng.internal.MethodInvocationHelper.invokeMethod(MethodInvocationHelper.java:108)<br/>
                        org.testng.internal.Invoker.invokeMethod(Invoker.java:661)<br/>
                        org.testng.internal.Invoker.invokeTestMethod(Invoker.java:869)<br/>
                        org.testng.internal.Invoker.invokeTestMethods(Invoker.java:1193)<br/>
                        org.testng.internal.TestMethodWorker.invokeTestMethods(TestMethodWorker.java:126)<br/>
                        org.testng.internal.TestMethodWorker.run(TestMethodWorker.java:109)<br/>
                        org.testng.TestRunner.privateRun(TestRunner.java:744)<br/>
                        org.testng.TestRunner.run(TestRunner.java:602)<br/>
                        org.testng.SuiteRunner.runTest(SuiteRunner.java:380)<br/>
                        org.testng.SuiteRunner.runSequentially(SuiteRunner.java:375)<br/>
                        org.testng.SuiteRunner.privateRun(SuiteRunner.java:340)<br/>
                        org.testng.SuiteRunner.run(SuiteRunner.java:289)<br/>
                        org.testng.SuiteRunnerWorker.runSuite(SuiteRunnerWorker.java:52)<br/>
                        org.testng.SuiteRunnerWorker.run(SuiteRunnerWorker.java:86)<br/>
                        org.testng.TestNG.runSuitesSequentially(TestNG.java:1301)<br/>
                        org.testng.TestNG.runSuitesSequentially(TestNG.java:1297)<br/>
                        org.testng.TestNG.runSuitesLocally(TestNG.java:1226)<br/>
                        org.testng.TestNG.runSuites(TestNG.java:1144)<br/>
                        org.testng.TestNG.run(TestNG.java:1115)<br/>
                        org.testng.remote.AbstractRemoteTestNG.run(AbstractRemoteTestNG.java:115)<br/>
                        org.testng.remote.RemoteTestNG.initAndRun(RemoteTestNG.java:251)<br/>
                        org.testng.remote.RemoteTestNG.main(RemoteTestNG.java:77)<br/>
                </div>
        </td>
    </tr>
            <tr>
                <td class="group" colspan="3">cuesz02.Iosapp_member_home_PerformScreen.Case12_Perform_additionalactivity_deleteprocess</td>
            </tr>
    <tr>
        <td class="method">
                perfom_additionaldeleteactivty
        </td>
        <td class="duration">
            10.103s
        </td>
        <td class="result">
            <!-- Display the dependencies for skipped test methods -->


            <!-- Show logger output for the test -->

                <a href="javascript:toggleElement('exception-1', 'block')"
                   title="Click to expand/collapse">
                    <b>org.openqa.selenium.NoSuchElementException: An element could not be located on the page using the given search parameters.<br/>
For documentation on this error, please visit: https://www.selenium.dev/documentation/webdriver/troubleshooting/errors#no-such-element-exception<br/>
Build info: version: &apos;4.14.1&apos;, revision: &apos;03f8ede370&apos;<br/>
System info: os.name: &apos;Mac OS X&apos;, os.arch: &apos;x86_64&apos;, os.version: &apos;14.0&apos;, java.version: &apos;21&apos;<br/>
Driver info: io.appium.java_client.ios.IOSDriver<br/>
Command: [7afb8bf7-8b74-402f-9405-352a001c6e1d, findElement {using=-ios class chain, value=**/XCUIElementTypeOther[`label == &quot;Home&quot;`][2]}]<br/>
Capabilities {appium:automationName: XCuiTest, appium:databaseEnabled: false, appium:deviceName: iPhone 11, appium:javascriptEnabled: true, appium:locationContextEnabled: false, appium:networkConnectionEnabled: false, appium:platformVersion: 17.0, appium:takesScreenshot: true, appium:udid: 626549EB-A1C6-40B2-B376-437..., appium:wdaLaunchTimeout: 30000, appium:webStorageEnabled: false, platformName: IOS}<br/>
Session ID: 7afb8bf7-8b74-402f-9405-352a001c6e1d</b>
                </a>
                <br/>
                <div class="stackTrace" id="exception-1">
                        java.base/jdk.internal.reflect.DirectConstructorHandleAccessor.newInstance(DirectConstructorHandleAccessor.java:62)<br/>
                        java.base/java.lang.reflect.Constructor.newInstanceWithCaller(Constructor.java:502)<br/>
                        java.base/java.lang.reflect.Constructor.newInstance(Constructor.java:486)<br/>
                        org.openqa.selenium.remote.codec.w3c.W3CHttpResponseCodec.createException(W3CHttpResponseCodec.java:200)<br/>
                        org.openqa.selenium.remote.codec.w3c.W3CHttpResponseCodec.decode(W3CHttpResponseCodec.java:133)<br/>
                        org.openqa.selenium.remote.codec.w3c.W3CHttpResponseCodec.decode(W3CHttpResponseCodec.java:52)<br/>
                        org.openqa.selenium.remote.HttpCommandExecutor.execute(HttpCommandExecutor.java:191)<br/>
                        io.appium.java_client.remote.AppiumCommandExecutor.execute(AppiumCommandExecutor.java:250)<br/>
                        org.openqa.selenium.remote.RemoteWebDriver.execute(RemoteWebDriver.java:602)<br/>
                        org.openqa.selenium.remote.ElementLocation$ElementFinder$2.findElement(ElementLocation.java:165)<br/>
                        org.openqa.selenium.remote.ElementLocation.findElement(ElementLocation.java:66)<br/>
                        org.openqa.selenium.remote.RemoteWebDriver.findElement(RemoteWebDriver.java:359)<br/>
                        org.openqa.selenium.remote.RemoteWebDriver.findElement(RemoteWebDriver.java:353)<br/>
                        cuesz02.Iosapp_member_home_PerformScreen.Case12_Perform_additionalactivity_deleteprocess.perfom_additionaldeleteactivty(Case12_Perform_additionalactivity_deleteprocess.java:56)<br/>
                        java.base/jdk.internal.reflect.DirectMethodHandleAccessor.invoke(DirectMethodHandleAccessor.java:103)<br/>
                        java.base/java.lang.reflect.Method.invoke(Method.java:580)<br/>
                        org.testng.internal.MethodInvocationHelper.invokeMethod(MethodInvocationHelper.java:108)<br/>
                        org.testng.internal.Invoker.invokeMethod(Invoker.java:661)<br/>
                        org.testng.internal.Invoker.invokeTestMethod(Invoker.java:869)<br/>
                        org.testng.internal.Invoker.invokeTestMethods(Invoker.java:1193)<br/>
                        org.testng.internal.TestMethodWorker.invokeTestMethods(TestMethodWorker.java:126)<br/>
                        org.testng.internal.TestMethodWorker.run(TestMethodWorker.java:109)<br/>
                        org.testng.TestRunner.privateRun(TestRunner.java:744)<br/>
                        org.testng.TestRunner.run(TestRunner.java:602)<br/>
                        org.testng.SuiteRunner.runTest(SuiteRunner.java:380)<br/>
                        org.testng.SuiteRunner.runSequentially(SuiteRunner.java:375)<br/>
                        org.testng.SuiteRunner.privateRun(SuiteRunner.java:340)<br/>
                        org.testng.SuiteRunner.run(SuiteRunner.java:289)<br/>
                        org.testng.SuiteRunnerWorker.runSuite(SuiteRunnerWorker.java:52)<br/>
                        org.testng.SuiteRunnerWorker.run(SuiteRunnerWorker.java:86)<br/>
                        org.testng.TestNG.runSuitesSequentially(TestNG.java:1301)<br/>
                        org.testng.TestNG.runSuitesSequentially(TestNG.java:1297)<br/>
                        org.testng.TestNG.runSuitesLocally(TestNG.java:1226)<br/>
                        org.testng.TestNG.runSuites(TestNG.java:1144)<br/>
                        org.testng.TestNG.run(TestNG.java:1115)<br/>
                        org.testng.remote.AbstractRemoteTestNG.run(AbstractRemoteTestNG.java:115)<br/>
                        org.testng.remote.RemoteTestNG.initAndRun(RemoteTestNG.java:251)<br/>
                        org.testng.remote.RemoteTestNG.main(RemoteTestNG.java:77)<br/>
                </div>
        </td>
    </tr>
            <tr>
                <td class="group" colspan="3">cuesz02.Iosapp_member_home_PerformScreen.Case13_Perform_additionalactivity</td>
            </tr>
    <tr>
        <td class="method">
                perfom_additionalactivty
        </td>
        <td class="duration">
            10.069s
        </td>
        <td class="result">
            <!-- Display the dependencies for skipped test methods -->


            <!-- Show logger output for the test -->

                <a href="javascript:toggleElement('exception-2', 'block')"
                   title="Click to expand/collapse">
                    <b>org.openqa.selenium.NoSuchElementException: An element could not be located on the page using the given search parameters.<br/>
For documentation on this error, please visit: https://www.selenium.dev/documentation/webdriver/troubleshooting/errors#no-such-element-exception<br/>
Build info: version: &apos;4.14.1&apos;, revision: &apos;03f8ede370&apos;<br/>
System info: os.name: &apos;Mac OS X&apos;, os.arch: &apos;x86_64&apos;, os.version: &apos;14.0&apos;, java.version: &apos;21&apos;<br/>
Driver info: io.appium.java_client.ios.IOSDriver<br/>
Command: [217861e4-3ace-4821-a3a3-2a31feecdb81, findElement {using=-ios class chain, value=**/XCUIElementTypeOther[`label == &quot;Home&quot;`][2]}]<br/>
Capabilities {appium:automationName: XCuiTest, appium:databaseEnabled: false, appium:deviceName: iPhone 11, appium:javascriptEnabled: true, appium:locationContextEnabled: false, appium:networkConnectionEnabled: false, appium:platformVersion: 17.0, appium:takesScreenshot: true, appium:udid: 626549EB-A1C6-40B2-B376-437..., appium:wdaLaunchTimeout: 30000, appium:webStorageEnabled: false, platformName: IOS}<br/>
Session ID: 217861e4-3ace-4821-a3a3-2a31feecdb81</b>
                </a>
                <br/>
                <div class="stackTrace" id="exception-2">
                        java.base/jdk.internal.reflect.DirectConstructorHandleAccessor.newInstance(DirectConstructorHandleAccessor.java:62)<br/>
                        java.base/java.lang.reflect.Constructor.newInstanceWithCaller(Constructor.java:502)<br/>
                        java.base/java.lang.reflect.Constructor.newInstance(Constructor.java:486)<br/>
                        org.openqa.selenium.remote.codec.w3c.W3CHttpResponseCodec.createException(W3CHttpResponseCodec.java:200)<br/>
                        org.openqa.selenium.remote.codec.w3c.W3CHttpResponseCodec.decode(W3CHttpResponseCodec.java:133)<br/>
                        org.openqa.selenium.remote.codec.w3c.W3CHttpResponseCodec.decode(W3CHttpResponseCodec.java:52)<br/>
                        org.openqa.selenium.remote.HttpCommandExecutor.execute(HttpCommandExecutor.java:191)<br/>
                        io.appium.java_client.remote.AppiumCommandExecutor.execute(AppiumCommandExecutor.java:250)<br/>
                        org.openqa.selenium.remote.RemoteWebDriver.execute(RemoteWebDriver.java:602)<br/>
                        org.openqa.selenium.remote.ElementLocation$ElementFinder$2.findElement(ElementLocation.java:165)<br/>
                        org.openqa.selenium.remote.ElementLocation.findElement(ElementLocation.java:66)<br/>
                        org.openqa.selenium.remote.RemoteWebDriver.findElement(RemoteWebDriver.java:359)<br/>
                        org.openqa.selenium.remote.RemoteWebDriver.findElement(RemoteWebDriver.java:353)<br/>
                        cuesz02.Iosapp_member_home_PerformScreen.Case13_Perform_additionalactivity.perfom_additionalactivty(Case13_Perform_additionalactivity.java:86)<br/>
                        java.base/jdk.internal.reflect.DirectMethodHandleAccessor.invoke(DirectMethodHandleAccessor.java:103)<br/>
                        java.base/java.lang.reflect.Method.invoke(Method.java:580)<br/>
                        org.testng.internal.MethodInvocationHelper.invokeMethod(MethodInvocationHelper.java:108)<br/>
                        org.testng.internal.Invoker.invokeMethod(Invoker.java:661)<br/>
                        org.testng.internal.Invoker.invokeTestMethod(Invoker.java:869)<br/>
                        org.testng.internal.Invoker.invokeTestMethods(Invoker.java:1193)<br/>
                        org.testng.internal.TestMethodWorker.invokeTestMethods(TestMethodWorker.java:126)<br/>
                        org.testng.internal.TestMethodWorker.run(TestMethodWorker.java:109)<br/>
                        org.testng.TestRunner.privateRun(TestRunner.java:744)<br/>
                        org.testng.TestRunner.run(TestRunner.java:602)<br/>
                        org.testng.SuiteRunner.runTest(SuiteRunner.java:380)<br/>
                        org.testng.SuiteRunner.runSequentially(SuiteRunner.java:375)<br/>
                        org.testng.SuiteRunner.privateRun(SuiteRunner.java:340)<br/>
                        org.testng.SuiteRunner.run(SuiteRunner.java:289)<br/>
                        org.testng.SuiteRunnerWorker.runSuite(SuiteRunnerWorker.java:52)<br/>
                        org.testng.SuiteRunnerWorker.run(SuiteRunnerWorker.java:86)<br/>
                        org.testng.TestNG.runSuitesSequentially(TestNG.java:1301)<br/>
                        org.testng.TestNG.runSuitesSequentially(TestNG.java:1297)<br/>
                        org.testng.TestNG.runSuitesLocally(TestNG.java:1226)<br/>
                        org.testng.TestNG.runSuites(TestNG.java:1144)<br/>
                        org.testng.TestNG.run(TestNG.java:1115)<br/>
                        org.testng.remote.AbstractRemoteTestNG.run(AbstractRemoteTestNG.java:115)<br/>
                        org.testng.remote.RemoteTestNG.initAndRun(RemoteTestNG.java:251)<br/>
                        org.testng.remote.RemoteTestNG.main(RemoteTestNG.java:77)<br/>
                </div>
        </td>
    </tr>
            <tr>
                <td class="group" colspan="3">cuesz02.Iosapp_member_home_PerformScreen.Case14_Perform_performalreadycompleted</td>
            </tr>
    <tr>
        <td class="method">
                perfom_additonalactivtycompleted
        </td>
        <td class="duration">
            10.074s
        </td>
        <td class="result">
            <!-- Display the dependencies for skipped test methods -->


            <!-- Show logger output for the test -->

                <a href="javascript:toggleElement('exception-3', 'block')"
                   title="Click to expand/collapse">
                    <b>org.openqa.selenium.NoSuchElementException: An element could not be located on the page using the given search parameters.<br/>
For documentation on this error, please visit: https://www.selenium.dev/documentation/webdriver/troubleshooting/errors#no-such-element-exception<br/>
Build info: version: &apos;4.14.1&apos;, revision: &apos;03f8ede370&apos;<br/>
System info: os.name: &apos;Mac OS X&apos;, os.arch: &apos;x86_64&apos;, os.version: &apos;14.0&apos;, java.version: &apos;21&apos;<br/>
Driver info: io.appium.java_client.ios.IOSDriver<br/>
Command: [682b7a9c-fbbc-4f7f-a414-4a0aba0a7e74, findElement {using=-ios class chain, value=**/XCUIElementTypeOther[`label == &quot;Home&quot;`][2]}]<br/>
Capabilities {appium:automationName: XCuiTest, appium:databaseEnabled: false, appium:deviceName: iPhone 11, appium:javascriptEnabled: true, appium:locationContextEnabled: false, appium:networkConnectionEnabled: false, appium:platformVersion: 17.0, appium:takesScreenshot: true, appium:udid: 626549EB-A1C6-40B2-B376-437..., appium:wdaLaunchTimeout: 30000, appium:webStorageEnabled: false, platformName: IOS}<br/>
Session ID: 682b7a9c-fbbc-4f7f-a414-4a0aba0a7e74</b>
                </a>
                <br/>
                <div class="stackTrace" id="exception-3">
                        java.base/jdk.internal.reflect.DirectConstructorHandleAccessor.newInstance(DirectConstructorHandleAccessor.java:62)<br/>
                        java.base/java.lang.reflect.Constructor.newInstanceWithCaller(Constructor.java:502)<br/>
                        java.base/java.lang.reflect.Constructor.newInstance(Constructor.java:486)<br/>
                        org.openqa.selenium.remote.codec.w3c.W3CHttpResponseCodec.createException(W3CHttpResponseCodec.java:200)<br/>
                        org.openqa.selenium.remote.codec.w3c.W3CHttpResponseCodec.decode(W3CHttpResponseCodec.java:133)<br/>
                        org.openqa.selenium.remote.codec.w3c.W3CHttpResponseCodec.decode(W3CHttpResponseCodec.java:52)<br/>
                        org.openqa.selenium.remote.HttpCommandExecutor.execute(HttpCommandExecutor.java:191)<br/>
                        io.appium.java_client.remote.AppiumCommandExecutor.execute(AppiumCommandExecutor.java:250)<br/>
                        org.openqa.selenium.remote.RemoteWebDriver.execute(RemoteWebDriver.java:602)<br/>
                        org.openqa.selenium.remote.ElementLocation$ElementFinder$2.findElement(ElementLocation.java:165)<br/>
                        org.openqa.selenium.remote.ElementLocation.findElement(ElementLocation.java:66)<br/>
                        org.openqa.selenium.remote.RemoteWebDriver.findElement(RemoteWebDriver.java:359)<br/>
                        org.openqa.selenium.remote.RemoteWebDriver.findElement(RemoteWebDriver.java:353)<br/>
                        cuesz02.Iosapp_member_home_PerformScreen.Case14_Perform_performalreadycompleted.perfom_additonalactivtycompleted(Case14_Perform_performalreadycompleted.java:87)<br/>
                        java.base/jdk.internal.reflect.DirectMethodHandleAccessor.invoke(DirectMethodHandleAccessor.java:103)<br/>
                        java.base/java.lang.reflect.Method.invoke(Method.java:580)<br/>
                        org.testng.internal.MethodInvocationHelper.invokeMethod(MethodInvocationHelper.java:108)<br/>
                        org.testng.internal.Invoker.invokeMethod(Invoker.java:661)<br/>
                        org.testng.internal.Invoker.invokeTestMethod(Invoker.java:869)<br/>
                        org.testng.internal.Invoker.invokeTestMethods(Invoker.java:1193)<br/>
                        org.testng.internal.TestMethodWorker.invokeTestMethods(TestMethodWorker.java:126)<br/>
                        org.testng.internal.TestMethodWorker.run(TestMethodWorker.java:109)<br/>
                        org.testng.TestRunner.privateRun(TestRunner.java:744)<br/>
                        org.testng.TestRunner.run(TestRunner.java:602)<br/>
                        org.testng.SuiteRunner.runTest(SuiteRunner.java:380)<br/>
                        org.testng.SuiteRunner.runSequentially(SuiteRunner.java:375)<br/>
                        org.testng.SuiteRunner.privateRun(SuiteRunner.java:340)<br/>
                        org.testng.SuiteRunner.run(SuiteRunner.java:289)<br/>
                        org.testng.SuiteRunnerWorker.runSuite(SuiteRunnerWorker.java:52)<br/>
                        org.testng.SuiteRunnerWorker.run(SuiteRunnerWorker.java:86)<br/>
                        org.testng.TestNG.runSuitesSequentially(TestNG.java:1301)<br/>
                        org.testng.TestNG.runSuitesSequentially(TestNG.java:1297)<br/>
                        org.testng.TestNG.runSuitesLocally(TestNG.java:1226)<br/>
                        org.testng.TestNG.runSuites(TestNG.java:1144)<br/>
                        org.testng.TestNG.run(TestNG.java:1115)<br/>
                        org.testng.remote.AbstractRemoteTestNG.run(AbstractRemoteTestNG.java:115)<br/>
                        org.testng.remote.RemoteTestNG.initAndRun(RemoteTestNG.java:251)<br/>
                        org.testng.remote.RemoteTestNG.main(RemoteTestNG.java:77)<br/>
                </div>
        </td>
    </tr>
            <tr>
                <td class="group" colspan="3">cuesz02.Iosapp_member_home_PerformScreen.Case15_Perform_movetocurrent</td>
            </tr>
    <tr>
        <td class="method">
                perfom_movetocurrentactivtity
        </td>
        <td class="duration">
            10.095s
        </td>
        <td class="result">
            <!-- Display the dependencies for skipped test methods -->


            <!-- Show logger output for the test -->

                <a href="javascript:toggleElement('exception-4', 'block')"
                   title="Click to expand/collapse">
                    <b>org.openqa.selenium.NoSuchElementException: An element could not be located on the page using the given search parameters.<br/>
For documentation on this error, please visit: https://www.selenium.dev/documentation/webdriver/troubleshooting/errors#no-such-element-exception<br/>
Build info: version: &apos;4.14.1&apos;, revision: &apos;03f8ede370&apos;<br/>
System info: os.name: &apos;Mac OS X&apos;, os.arch: &apos;x86_64&apos;, os.version: &apos;14.0&apos;, java.version: &apos;21&apos;<br/>
Driver info: io.appium.java_client.ios.IOSDriver<br/>
Command: [975c19f5-ea2b-4ca9-824e-7f20f4876ffe, findElement {using=-ios class chain, value=**/XCUIElementTypeOther[`label == &quot;Home&quot;`][2]}]<br/>
Capabilities {appium:automationName: XCuiTest, appium:databaseEnabled: false, appium:deviceName: iPhone 11, appium:javascriptEnabled: true, appium:locationContextEnabled: false, appium:networkConnectionEnabled: false, appium:platformVersion: 17.0, appium:takesScreenshot: true, appium:udid: 626549EB-A1C6-40B2-B376-437..., appium:wdaLaunchTimeout: 30000, appium:webStorageEnabled: false, platformName: IOS}<br/>
Session ID: 975c19f5-ea2b-4ca9-824e-7f20f4876ffe</b>
                </a>
                <br/>
                <div class="stackTrace" id="exception-4">
                        java.base/jdk.internal.reflect.DirectConstructorHandleAccessor.newInstance(DirectConstructorHandleAccessor.java:62)<br/>
                        java.base/java.lang.reflect.Constructor.newInstanceWithCaller(Constructor.java:502)<br/>
                        java.base/java.lang.reflect.Constructor.newInstance(Constructor.java:486)<br/>
                        org.openqa.selenium.remote.codec.w3c.W3CHttpResponseCodec.createException(W3CHttpResponseCodec.java:200)<br/>
                        org.openqa.selenium.remote.codec.w3c.W3CHttpResponseCodec.decode(W3CHttpResponseCodec.java:133)<br/>
                        org.openqa.selenium.remote.codec.w3c.W3CHttpResponseCodec.decode(W3CHttpResponseCodec.java:52)<br/>
                        org.openqa.selenium.remote.HttpCommandExecutor.execute(HttpCommandExecutor.java:191)<br/>
                        io.appium.java_client.remote.AppiumCommandExecutor.execute(AppiumCommandExecutor.java:250)<br/>
                        org.openqa.selenium.remote.RemoteWebDriver.execute(RemoteWebDriver.java:602)<br/>
                        org.openqa.selenium.remote.ElementLocation$ElementFinder$2.findElement(ElementLocation.java:165)<br/>
                        org.openqa.selenium.remote.ElementLocation.findElement(ElementLocation.java:66)<br/>
                        org.openqa.selenium.remote.RemoteWebDriver.findElement(RemoteWebDriver.java:359)<br/>
                        org.openqa.selenium.remote.RemoteWebDriver.findElement(RemoteWebDriver.java:353)<br/>
                        cuesz02.Iosapp_member_home_PerformScreen.Case15_Perform_movetocurrent.perfom_movetocurrentactivtity(Case15_Perform_movetocurrent.java:47)<br/>
                        java.base/jdk.internal.reflect.DirectMethodHandleAccessor.invoke(DirectMethodHandleAccessor.java:103)<br/>
                        java.base/java.lang.reflect.Method.invoke(Method.java:580)<br/>
                        org.testng.internal.MethodInvocationHelper.invokeMethod(MethodInvocationHelper.java:108)<br/>
                        org.testng.internal.Invoker.invokeMethod(Invoker.java:661)<br/>
                        org.testng.internal.Invoker.invokeTestMethod(Invoker.java:869)<br/>
                        org.testng.internal.Invoker.invokeTestMethods(Invoker.java:1193)<br/>
                        org.testng.internal.TestMethodWorker.invokeTestMethods(TestMethodWorker.java:126)<br/>
                        org.testng.internal.TestMethodWorker.run(TestMethodWorker.java:109)<br/>
                        org.testng.TestRunner.privateRun(TestRunner.java:744)<br/>
                        org.testng.TestRunner.run(TestRunner.java:602)<br/>
                        org.testng.SuiteRunner.runTest(SuiteRunner.java:380)<br/>
                        org.testng.SuiteRunner.runSequentially(SuiteRunner.java:375)<br/>
                        org.testng.SuiteRunner.privateRun(SuiteRunner.java:340)<br/>
                        org.testng.SuiteRunner.run(SuiteRunner.java:289)<br/>
                        org.testng.SuiteRunnerWorker.runSuite(SuiteRunnerWorker.java:52)<br/>
                        org.testng.SuiteRunnerWorker.run(SuiteRunnerWorker.java:86)<br/>
                        org.testng.TestNG.runSuitesSequentially(TestNG.java:1301)<br/>
                        org.testng.TestNG.runSuitesSequentially(TestNG.java:1297)<br/>
                        org.testng.TestNG.runSuitesLocally(TestNG.java:1226)<br/>
                        org.testng.TestNG.runSuites(TestNG.java:1144)<br/>
                        org.testng.TestNG.run(TestNG.java:1115)<br/>
                        org.testng.remote.AbstractRemoteTestNG.run(AbstractRemoteTestNG.java:115)<br/>
                        org.testng.remote.RemoteTestNG.initAndRun(RemoteTestNG.java:251)<br/>
                        org.testng.remote.RemoteTestNG.main(RemoteTestNG.java:77)<br/>
                </div>
        </td>
    </tr>
            <tr>
                <td class="group" colspan="3">cuesz02.Iosapp_member_home_PerformScreen.Case16_Perform_Vo2</td>
            </tr>
    <tr>
        <td class="method">
                perfom_vo2activity
        </td>
        <td class="duration">
            10.076s
        </td>
        <td class="result">
            <!-- Display the dependencies for skipped test methods -->


            <!-- Show logger output for the test -->

                <a href="javascript:toggleElement('exception-5', 'block')"
                   title="Click to expand/collapse">
                    <b>org.openqa.selenium.NoSuchElementException: An element could not be located on the page using the given search parameters.<br/>
For documentation on this error, please visit: https://www.selenium.dev/documentation/webdriver/troubleshooting/errors#no-such-element-exception<br/>
Build info: version: &apos;4.14.1&apos;, revision: &apos;03f8ede370&apos;<br/>
System info: os.name: &apos;Mac OS X&apos;, os.arch: &apos;x86_64&apos;, os.version: &apos;14.0&apos;, java.version: &apos;21&apos;<br/>
Driver info: io.appium.java_client.ios.IOSDriver<br/>
Command: [2409eb08-433b-42a1-9272-7b35eacaf788, findElement {using=-ios class chain, value=**/XCUIElementTypeOther[`label == &quot;Home&quot;`][2]}]<br/>
Capabilities {appium:automationName: XCuiTest, appium:databaseEnabled: false, appium:deviceName: iPhone 11, appium:javascriptEnabled: true, appium:locationContextEnabled: false, appium:networkConnectionEnabled: false, appium:platformVersion: 17.0, appium:takesScreenshot: true, appium:udid: 626549EB-A1C6-40B2-B376-437..., appium:wdaLaunchTimeout: 30000, appium:webStorageEnabled: false, platformName: IOS}<br/>
Session ID: 2409eb08-433b-42a1-9272-7b35eacaf788</b>
                </a>
                <br/>
                <div class="stackTrace" id="exception-5">
                        java.base/jdk.internal.reflect.DirectConstructorHandleAccessor.newInstance(DirectConstructorHandleAccessor.java:62)<br/>
                        java.base/java.lang.reflect.Constructor.newInstanceWithCaller(Constructor.java:502)<br/>
                        java.base/java.lang.reflect.Constructor.newInstance(Constructor.java:486)<br/>
                        org.openqa.selenium.remote.codec.w3c.W3CHttpResponseCodec.createException(W3CHttpResponseCodec.java:200)<br/>
                        org.openqa.selenium.remote.codec.w3c.W3CHttpResponseCodec.decode(W3CHttpResponseCodec.java:133)<br/>
                        org.openqa.selenium.remote.codec.w3c.W3CHttpResponseCodec.decode(W3CHttpResponseCodec.java:52)<br/>
                        org.openqa.selenium.remote.HttpCommandExecutor.execute(HttpCommandExecutor.java:191)<br/>
                        io.appium.java_client.remote.AppiumCommandExecutor.execute(AppiumCommandExecutor.java:250)<br/>
                        org.openqa.selenium.remote.RemoteWebDriver.execute(RemoteWebDriver.java:602)<br/>
                        org.openqa.selenium.remote.ElementLocation$ElementFinder$2.findElement(ElementLocation.java:165)<br/>
                        org.openqa.selenium.remote.ElementLocation.findElement(ElementLocation.java:66)<br/>
                        org.openqa.selenium.remote.RemoteWebDriver.findElement(RemoteWebDriver.java:359)<br/>
                        org.openqa.selenium.remote.RemoteWebDriver.findElement(RemoteWebDriver.java:353)<br/>
                        cuesz02.Iosapp_member_home_PerformScreen.Case16_Perform_Vo2.perfom_vo2activity(Case16_Perform_Vo2.java:55)<br/>
                        java.base/jdk.internal.reflect.DirectMethodHandleAccessor.invoke(DirectMethodHandleAccessor.java:103)<br/>
                        java.base/java.lang.reflect.Method.invoke(Method.java:580)<br/>
                        org.testng.internal.MethodInvocationHelper.invokeMethod(MethodInvocationHelper.java:108)<br/>
                        org.testng.internal.Invoker.invokeMethod(Invoker.java:661)<br/>
                        org.testng.internal.Invoker.invokeTestMethod(Invoker.java:869)<br/>
                        org.testng.internal.Invoker.invokeTestMethods(Invoker.java:1193)<br/>
                        org.testng.internal.TestMethodWorker.invokeTestMethods(TestMethodWorker.java:126)<br/>
                        org.testng.internal.TestMethodWorker.run(TestMethodWorker.java:109)<br/>
                        org.testng.TestRunner.privateRun(TestRunner.java:744)<br/>
                        org.testng.TestRunner.run(TestRunner.java:602)<br/>
                        org.testng.SuiteRunner.runTest(SuiteRunner.java:380)<br/>
                        org.testng.SuiteRunner.runSequentially(SuiteRunner.java:375)<br/>
                        org.testng.SuiteRunner.privateRun(SuiteRunner.java:340)<br/>
                        org.testng.SuiteRunner.run(SuiteRunner.java:289)<br/>
                        org.testng.SuiteRunnerWorker.runSuite(SuiteRunnerWorker.java:52)<br/>
                        org.testng.SuiteRunnerWorker.run(SuiteRunnerWorker.java:86)<br/>
                        org.testng.TestNG.runSuitesSequentially(TestNG.java:1301)<br/>
                        org.testng.TestNG.runSuitesSequentially(TestNG.java:1297)<br/>
                        org.testng.TestNG.runSuitesLocally(TestNG.java:1226)<br/>
                        org.testng.TestNG.runSuites(TestNG.java:1144)<br/>
                        org.testng.TestNG.run(TestNG.java:1115)<br/>
                        org.testng.remote.AbstractRemoteTestNG.run(AbstractRemoteTestNG.java:115)<br/>
                        org.testng.remote.RemoteTestNG.initAndRun(RemoteTestNG.java:251)<br/>
                        org.testng.remote.RemoteTestNG.main(RemoteTestNG.java:77)<br/>
                </div>
        </td>
    </tr>
    </table>



<script type="text/javascript" src="reportng.js"></script>
</body>
