<?xml version="1.0" encoding="UTF-8"?>
<!-- Generated by org.testng.reporters.JUnitXMLReporter -->
<testsuite ignored="0" hostname="cpe-192-180-5-27.kya.res.rr.com" failures="5" tests="10" name="Test15" time="440.7" errors="0" timestamp="18 Oct 2023 11:53:38 GMT">
  <testcase classname="cuesz01.Iosapp_member_homeScreen.Case01_Login" name="login" time="20.878">
    <failure type="org.openqa.selenium.NoSuchElementException" message="An element could not be located on the page using the given search parameters.
For documentation on this error, please visit: https://www.selenium.dev/documentation/webdriver/troubleshooting/errors#no-such-element-exception
Build info: version: &amp;apos;4.14.1&amp;apos;, revision: &amp;apos;03f8ede370&amp;apos;
System info: os.name: &amp;apos;Mac OS X&amp;apos;, os.arch: &amp;apos;x86_64&amp;apos;, os.version: &amp;apos;14.0&amp;apos;, java.version: &amp;apos;21&amp;apos;
Driver info: io.appium.java_client.ios.IOSDriver
Command: [2b1c1a89-0365-438b-8207-2b2c9c971917, findElement {using=accessibility id, value=text-input-country-filter}]
Capabilities {appium:automationName: XCuiTest, appium:databaseEnabled: false, appium:deviceName: iPhone 11, appium:javascriptEnabled: true, appium:locationContextEnabled: false, appium:networkConnectionEnabled: false, appium:platformVersion: 17.0, appium:takesScreenshot: true, appium:udid: 626549EB-A1C6-40B2-B376-437..., appium:wdaLaunchTimeout: 30000, appium:webStorageEnabled: false, platformName: IOS}
Session ID: 2b1c1a89-0365-438b-8207-2b2c9c971917">
      <![CDATA[org.openqa.selenium.NoSuchElementException: An element could not be located on the page using the given search parameters.
For documentation on this error, please visit: https://www.selenium.dev/documentation/webdriver/troubleshooting/errors#no-such-element-exception
Build info: version: '4.14.1', revision: '03f8ede370'
System info: os.name: 'Mac OS X', os.arch: 'x86_64', os.version: '14.0', java.version: '21'
Driver info: io.appium.java_client.ios.IOSDriver
Command: [2b1c1a89-0365-438b-8207-2b2c9c971917, findElement {using=accessibility id, value=text-input-country-filter}]
Capabilities {appium:automationName: XCuiTest, appium:databaseEnabled: false, appium:deviceName: iPhone 11, appium:javascriptEnabled: true, appium:locationContextEnabled: false, appium:networkConnectionEnabled: false, appium:platformVersion: 17.0, appium:takesScreenshot: true, appium:udid: 626549EB-A1C6-40B2-B376-437..., appium:wdaLaunchTimeout: 30000, appium:webStorageEnabled: false, platformName: IOS}
Session ID: 2b1c1a89-0365-438b-8207-2b2c9c971917
	at org.openqa.selenium.remote.codec.w3c.W3CHttpResponseCodec.createException(W3CHttpResponseCodec.java:200)
	at org.openqa.selenium.remote.codec.w3c.W3CHttpResponseCodec.decode(W3CHttpResponseCodec.java:133)
	at org.openqa.selenium.remote.codec.w3c.W3CHttpResponseCodec.decode(W3CHttpResponseCodec.java:52)
	at org.openqa.selenium.remote.HttpCommandExecutor.execute(HttpCommandExecutor.java:191)
	at io.appium.java_client.remote.AppiumCommandExecutor.execute(AppiumCommandExecutor.java:250)
	at org.openqa.selenium.remote.RemoteWebDriver.execute(RemoteWebDriver.java:602)
	at org.openqa.selenium.remote.ElementLocation$ElementFinder$2.findElement(ElementLocation.java:165)
	at org.openqa.selenium.remote.ElementLocation.findElement(ElementLocation.java:66)
	at org.openqa.selenium.remote.RemoteWebDriver.findElement(RemoteWebDriver.java:359)
	at org.openqa.selenium.remote.RemoteWebDriver.findElement(RemoteWebDriver.java:353)
	at cuesz01.Iosapp_member_homeScreen.Case01_Login.login(Case01_Login.java:49)
... Removed 27 stack frames]]>
    </failure>
  </testcase> <!-- login -->
  <testcase classname="cuesz01.Iosapp_member_homeScreen.Case02_Homescreen_sphereclick" name="Homescreen" time="10.918">
    <failure type="org.openqa.selenium.NoSuchElementException" message="An element could not be located on the page using the given search parameters.
For documentation on this error, please visit: https://www.selenium.dev/documentation/webdriver/troubleshooting/errors#no-such-element-exception
Build info: version: &amp;apos;4.14.1&amp;apos;, revision: &amp;apos;03f8ede370&amp;apos;
System info: os.name: &amp;apos;Mac OS X&amp;apos;, os.arch: &amp;apos;x86_64&amp;apos;, os.version: &amp;apos;14.0&amp;apos;, java.version: &amp;apos;21&amp;apos;
Driver info: io.appium.java_client.ios.IOSDriver
Command: [84eb9fe6-b7aa-4acf-af06-321d5a9b40b5, findElement {using=-ios class chain, value=**/XCUIElementTypeOther[`label == &amp;quot;Home&amp;quot;`][2]}]
Capabilities {appium:automationName: XCuiTest, appium:databaseEnabled: false, appium:deviceName: iPhone 11, appium:javascriptEnabled: true, appium:locationContextEnabled: false, appium:networkConnectionEnabled: false, appium:platformVersion: 17.0, appium:takesScreenshot: true, appium:udid: 626549EB-A1C6-40B2-B376-437..., appium:wdaLaunchTimeout: 30000, appium:webStorageEnabled: false, platformName: IOS}
Session ID: 84eb9fe6-b7aa-4acf-af06-321d5a9b40b5">
      <![CDATA[org.openqa.selenium.NoSuchElementException: An element could not be located on the page using the given search parameters.
For documentation on this error, please visit: https://www.selenium.dev/documentation/webdriver/troubleshooting/errors#no-such-element-exception
Build info: version: '4.14.1', revision: '03f8ede370'
System info: os.name: 'Mac OS X', os.arch: 'x86_64', os.version: '14.0', java.version: '21'
Driver info: io.appium.java_client.ios.IOSDriver
Command: [84eb9fe6-b7aa-4acf-af06-321d5a9b40b5, findElement {using=-ios class chain, value=**/XCUIElementTypeOther[`label == "Home"`][2]}]
Capabilities {appium:automationName: XCuiTest, appium:databaseEnabled: false, appium:deviceName: iPhone 11, appium:javascriptEnabled: true, appium:locationContextEnabled: false, appium:networkConnectionEnabled: false, appium:platformVersion: 17.0, appium:takesScreenshot: true, appium:udid: 626549EB-A1C6-40B2-B376-437..., appium:wdaLaunchTimeout: 30000, appium:webStorageEnabled: false, platformName: IOS}
Session ID: 84eb9fe6-b7aa-4acf-af06-321d5a9b40b5
	at org.openqa.selenium.remote.codec.w3c.W3CHttpResponseCodec.createException(W3CHttpResponseCodec.java:200)
	at org.openqa.selenium.remote.codec.w3c.W3CHttpResponseCodec.decode(W3CHttpResponseCodec.java:133)
	at org.openqa.selenium.remote.codec.w3c.W3CHttpResponseCodec.decode(W3CHttpResponseCodec.java:52)
	at org.openqa.selenium.remote.HttpCommandExecutor.execute(HttpCommandExecutor.java:191)
	at io.appium.java_client.remote.AppiumCommandExecutor.execute(AppiumCommandExecutor.java:250)
	at org.openqa.selenium.remote.RemoteWebDriver.execute(RemoteWebDriver.java:602)
	at org.openqa.selenium.remote.ElementLocation$ElementFinder$2.findElement(ElementLocation.java:165)
	at org.openqa.selenium.remote.ElementLocation.findElement(ElementLocation.java:66)
	at org.openqa.selenium.remote.RemoteWebDriver.findElement(RemoteWebDriver.java:359)
	at org.openqa.selenium.remote.RemoteWebDriver.findElement(RemoteWebDriver.java:353)
	at cuesz01.Iosapp_member_homeScreen.Case02_Homescreen_sphereclick.Homescreen(Case02_Homescreen_sphereclick.java:51)
... Removed 27 stack frames]]>
    </failure>
  </testcase> <!-- Homescreen -->
  <testcase classname="cuesz01.Iosapp_member_homeScreen.Case03_Homescreen_sphere" name="Homescreensperators" time="10.288">
    <failure type="org.openqa.selenium.NoSuchElementException" message="An element could not be located on the page using the given search parameters.
For documentation on this error, please visit: https://www.selenium.dev/documentation/webdriver/troubleshooting/errors#no-such-element-exception
Build info: version: &amp;apos;4.14.1&amp;apos;, revision: &amp;apos;03f8ede370&amp;apos;
System info: os.name: &amp;apos;Mac OS X&amp;apos;, os.arch: &amp;apos;x86_64&amp;apos;, os.version: &amp;apos;14.0&amp;apos;, java.version: &amp;apos;21&amp;apos;
Driver info: io.appium.java_client.ios.IOSDriver
Command: [22cad705-1775-401b-af27-b47b544cfcf0, findElement {using=-ios class chain, value=**/XCUIElementTypeOther[`label == &amp;quot;Home&amp;quot;`][2]}]
Capabilities {appium:automationName: XCuiTest, appium:databaseEnabled: false, appium:deviceName: iPhone 11, appium:javascriptEnabled: true, appium:locationContextEnabled: false, appium:networkConnectionEnabled: false, appium:platformVersion: 17.0, appium:takesScreenshot: true, appium:udid: 626549EB-A1C6-40B2-B376-437..., appium:wdaLaunchTimeout: 30000, appium:webStorageEnabled: false, platformName: IOS}
Session ID: 22cad705-1775-401b-af27-b47b544cfcf0">
      <![CDATA[org.openqa.selenium.NoSuchElementException: An element could not be located on the page using the given search parameters.
For documentation on this error, please visit: https://www.selenium.dev/documentation/webdriver/troubleshooting/errors#no-such-element-exception
Build info: version: '4.14.1', revision: '03f8ede370'
System info: os.name: 'Mac OS X', os.arch: 'x86_64', os.version: '14.0', java.version: '21'
Driver info: io.appium.java_client.ios.IOSDriver
Command: [22cad705-1775-401b-af27-b47b544cfcf0, findElement {using=-ios class chain, value=**/XCUIElementTypeOther[`label == "Home"`][2]}]
Capabilities {appium:automationName: XCuiTest, appium:databaseEnabled: false, appium:deviceName: iPhone 11, appium:javascriptEnabled: true, appium:locationContextEnabled: false, appium:networkConnectionEnabled: false, appium:platformVersion: 17.0, appium:takesScreenshot: true, appium:udid: 626549EB-A1C6-40B2-B376-437..., appium:wdaLaunchTimeout: 30000, appium:webStorageEnabled: false, platformName: IOS}
Session ID: 22cad705-1775-401b-af27-b47b544cfcf0
	at org.openqa.selenium.remote.codec.w3c.W3CHttpResponseCodec.createException(W3CHttpResponseCodec.java:200)
	at org.openqa.selenium.remote.codec.w3c.W3CHttpResponseCodec.decode(W3CHttpResponseCodec.java:133)
	at org.openqa.selenium.remote.codec.w3c.W3CHttpResponseCodec.decode(W3CHttpResponseCodec.java:52)
	at org.openqa.selenium.remote.HttpCommandExecutor.execute(HttpCommandExecutor.java:191)
	at io.appium.java_client.remote.AppiumCommandExecutor.execute(AppiumCommandExecutor.java:250)
	at org.openqa.selenium.remote.RemoteWebDriver.execute(RemoteWebDriver.java:602)
	at org.openqa.selenium.remote.ElementLocation$ElementFinder$2.findElement(ElementLocation.java:165)
	at org.openqa.selenium.remote.ElementLocation.findElement(ElementLocation.java:66)
	at org.openqa.selenium.remote.RemoteWebDriver.findElement(RemoteWebDriver.java:359)
	at org.openqa.selenium.remote.RemoteWebDriver.findElement(RemoteWebDriver.java:353)
	at cuesz01.Iosapp_member_homeScreen.Case03_Homescreen_sphere.Homescreensperators(Case03_Homescreen_sphere.java:46)
... Removed 27 stack frames]]>
    </failure>
  </testcase> <!-- Homescreensperators -->
  <testcase classname="cuesz01.Iosapp_member_homeScreen.Case04_Homescreen_weekdays_past" name="Homescreen_weekdays" time="34.333"/>
  <testcase classname="cuesz01.Iosapp_member_homeScreen.Case05_Homescreen_forward_backwardarrows" name="Homescreenarrows" time="69.977"/>
  <testcase classname="cuesz01.Iosapp_member_homeScreen.Case06_Homescreen" name="Homescreen" time="33.795">
    <failure type="org.openqa.selenium.NoSuchElementException" message="An element could not be located on the page using the given search parameters.
For documentation on this error, please visit: https://www.selenium.dev/documentation/webdriver/troubleshooting/errors#no-such-element-exception
Build info: version: &amp;apos;4.14.1&amp;apos;, revision: &amp;apos;03f8ede370&amp;apos;
System info: os.name: &amp;apos;Mac OS X&amp;apos;, os.arch: &amp;apos;x86_64&amp;apos;, os.version: &amp;apos;14.0&amp;apos;, java.version: &amp;apos;21&amp;apos;
Driver info: io.appium.java_client.ios.IOSDriver
Command: [a066cd5e-0b8c-4c62-88a4-5f71882a3f65, findElement {using=-ios predicate string, value=name == &amp;apos;Perform&amp;apos;}]
Capabilities {appium:automationName: XCuiTest, appium:databaseEnabled: false, appium:deviceName: iPhone 11, appium:javascriptEnabled: true, appium:locationContextEnabled: false, appium:networkConnectionEnabled: false, appium:platformVersion: 17.0, appium:takesScreenshot: true, appium:udid: 626549EB-A1C6-40B2-B376-437..., appium:wdaLaunchTimeout: 30000, appium:webStorageEnabled: false, platformName: IOS}
Session ID: a066cd5e-0b8c-4c62-88a4-5f71882a3f65">
      <![CDATA[org.openqa.selenium.NoSuchElementException: An element could not be located on the page using the given search parameters.
For documentation on this error, please visit: https://www.selenium.dev/documentation/webdriver/troubleshooting/errors#no-such-element-exception
Build info: version: '4.14.1', revision: '03f8ede370'
System info: os.name: 'Mac OS X', os.arch: 'x86_64', os.version: '14.0', java.version: '21'
Driver info: io.appium.java_client.ios.IOSDriver
Command: [a066cd5e-0b8c-4c62-88a4-5f71882a3f65, findElement {using=-ios predicate string, value=name == 'Perform'}]
Capabilities {appium:automationName: XCuiTest, appium:databaseEnabled: false, appium:deviceName: iPhone 11, appium:javascriptEnabled: true, appium:locationContextEnabled: false, appium:networkConnectionEnabled: false, appium:platformVersion: 17.0, appium:takesScreenshot: true, appium:udid: 626549EB-A1C6-40B2-B376-437..., appium:wdaLaunchTimeout: 30000, appium:webStorageEnabled: false, platformName: IOS}
Session ID: a066cd5e-0b8c-4c62-88a4-5f71882a3f65
	at org.openqa.selenium.remote.codec.w3c.W3CHttpResponseCodec.createException(W3CHttpResponseCodec.java:200)
	at org.openqa.selenium.remote.codec.w3c.W3CHttpResponseCodec.decode(W3CHttpResponseCodec.java:133)
	at org.openqa.selenium.remote.codec.w3c.W3CHttpResponseCodec.decode(W3CHttpResponseCodec.java:52)
	at org.openqa.selenium.remote.HttpCommandExecutor.execute(HttpCommandExecutor.java:191)
	at io.appium.java_client.remote.AppiumCommandExecutor.execute(AppiumCommandExecutor.java:250)
	at org.openqa.selenium.remote.RemoteWebDriver.execute(RemoteWebDriver.java:602)
	at org.openqa.selenium.remote.ElementLocation$ElementFinder$2.findElement(ElementLocation.java:165)
	at org.openqa.selenium.remote.ElementLocation.findElement(ElementLocation.java:66)
	at org.openqa.selenium.remote.RemoteWebDriver.findElement(RemoteWebDriver.java:359)
	at org.openqa.selenium.remote.RemoteWebDriver.findElement(RemoteWebDriver.java:353)
	at cuesz01.Iosapp_member_homeScreen.Case06_Homescreen.Homescreen(Case06_Homescreen.java:58)
... Removed 27 stack frames]]>
    </failure>
  </testcase> <!-- Homescreen -->
  <testcase classname="cuesz01.Iosapp_member_homeScreen.Case07_Homescreen_scroller" name="Homescreenscroller" time="12.472">
    <failure type="org.openqa.selenium.NoSuchElementException" message="An element could not be located on the page using the given search parameters.
For documentation on this error, please visit: https://www.selenium.dev/documentation/webdriver/troubleshooting/errors#no-such-element-exception
Build info: version: &amp;apos;4.14.1&amp;apos;, revision: &amp;apos;03f8ede370&amp;apos;
System info: os.name: &amp;apos;Mac OS X&amp;apos;, os.arch: &amp;apos;x86_64&amp;apos;, os.version: &amp;apos;14.0&amp;apos;, java.version: &amp;apos;21&amp;apos;
Driver info: io.appium.java_client.ios.IOSDriver
Command: [76d42e14-471c-4b1a-b8b5-4848daf6ef76, findElement {using=accessibility id, value=HomeScrollDown}]
Capabilities {appium:automationName: XCuiTest, appium:databaseEnabled: false, appium:deviceName: iPhone 11, appium:javascriptEnabled: true, appium:locationContextEnabled: false, appium:networkConnectionEnabled: false, appium:platformVersion: 17.0, appium:takesScreenshot: true, appium:udid: 626549EB-A1C6-40B2-B376-437..., appium:wdaLaunchTimeout: 30000, appium:webStorageEnabled: false, platformName: IOS}
Session ID: 76d42e14-471c-4b1a-b8b5-4848daf6ef76">
      <![CDATA[org.openqa.selenium.NoSuchElementException: An element could not be located on the page using the given search parameters.
For documentation on this error, please visit: https://www.selenium.dev/documentation/webdriver/troubleshooting/errors#no-such-element-exception
Build info: version: '4.14.1', revision: '03f8ede370'
System info: os.name: 'Mac OS X', os.arch: 'x86_64', os.version: '14.0', java.version: '21'
Driver info: io.appium.java_client.ios.IOSDriver
Command: [76d42e14-471c-4b1a-b8b5-4848daf6ef76, findElement {using=accessibility id, value=HomeScrollDown}]
Capabilities {appium:automationName: XCuiTest, appium:databaseEnabled: false, appium:deviceName: iPhone 11, appium:javascriptEnabled: true, appium:locationContextEnabled: false, appium:networkConnectionEnabled: false, appium:platformVersion: 17.0, appium:takesScreenshot: true, appium:udid: 626549EB-A1C6-40B2-B376-437..., appium:wdaLaunchTimeout: 30000, appium:webStorageEnabled: false, platformName: IOS}
Session ID: 76d42e14-471c-4b1a-b8b5-4848daf6ef76
	at org.openqa.selenium.remote.codec.w3c.W3CHttpResponseCodec.createException(W3CHttpResponseCodec.java:200)
	at org.openqa.selenium.remote.codec.w3c.W3CHttpResponseCodec.decode(W3CHttpResponseCodec.java:133)
	at org.openqa.selenium.remote.codec.w3c.W3CHttpResponseCodec.decode(W3CHttpResponseCodec.java:52)
	at org.openqa.selenium.remote.HttpCommandExecutor.execute(HttpCommandExecutor.java:191)
	at io.appium.java_client.remote.AppiumCommandExecutor.execute(AppiumCommandExecutor.java:250)
	at org.openqa.selenium.remote.RemoteWebDriver.execute(RemoteWebDriver.java:602)
	at org.openqa.selenium.remote.ElementLocation$ElementFinder$2.findElement(ElementLocation.java:165)
	at org.openqa.selenium.remote.ElementLocation.findElement(ElementLocation.java:66)
	at org.openqa.selenium.remote.RemoteWebDriver.findElement(RemoteWebDriver.java:359)
	at org.openqa.selenium.remote.RemoteWebDriver.findElement(RemoteWebDriver.java:353)
	at cuesz01.Iosapp_member_homeScreen.Case07_Homescreen_scroller.Homescreenscroller(Case07_Homescreen_scroller.java:50)
... Removed 27 stack frames]]>
    </failure>
  </testcase> <!-- Homescreenscroller -->
  <testcase classname="cuesz01.Iosapp_member_homeScreen.Case08_Homescreen_notification" name="Homes_notification" time="19.681"/>
  <testcase classname="cuesz01.Iosapp_member_homeScreen.Case09_Homescreen_LPgretherthan15min" name="HomescreenLiveperfrom" time="19.989"/>
  <testcase classname="cuesz01.Iosapp_member_homeScreen.Case10_Homescreen_LPwith15min" name="HomescreenLiveperfrom" time="26.12"/>
</testsuite> <!-- Test15 -->
