{"uuid":"18d5342c-555f-476b-90be-025dc6190ee0","historyId":"860923eb4e85921753e9203d33a0195c","fullName":"cuesz.schduletest.advocate.Step12_11_SE_createventtimelongerthan15minformebercalltest.tearDown","labels":[{"name":"package","value":"cuesz.schduletest.advocate.Step12_11_SE_createventtimelongerthan15minformebercalltest"},{"name":"testClass","value":"cuesz.schduletest.advocate.Step12_11_SE_createventtimelongerthan15minformebercalltest"},{"name":"testMethod","value":"tearDown"},{"name":"parentSuite","value":"Default suite"},{"name":"suite","value":"Default test"},{"name":"subSuite","value":"cuesz.schduletest.advocate.Step12_11_SE_createventtimelongerthan15minformebercalltest"},{"name":"host","value":"cpe-192-180-5-27.kya.res.rr.com"},{"name":"thread","value":"55795@cpe-192-180-5-27.kya.res.rr.com.main(1)"},{"name":"framework","value":"testng"},{"name":"language","value":"java"},{"name":"feature","value":"Create event from calendar"},{"name":"epic","value":"Advocate Scheduling"},{"name":"AS_ID","value":"-1"}],"links":[],"name":"tearDown","status":"broken","statusDetails":{"known":false,"muted":false,"flaky":false,"message":"Timed out waiting for driver server to stop.\nBuild info: version: '4.13.0', revision: 'ba948ece5b*'\nSystem info: os.name: 'Mac OS X', os.arch: 'x86_64', os.version: '14.0', java.version: '21'\nDriver info: org.openqa.selenium.chrome.ChromeDriver\nCommand: [2d76d0637b2f965535592c2f6df2eb46, quit {}]\nCapabilities {acceptInsecureCerts: false, browserName: chrome, browserVersion: 117.0.5938.149, chrome: {chromedriverVersion: 117.0.5938.92 (67649b10b92b..., userDataDir: /var/folders/10/ksb8skmx6tj...}, fedcm:accounts: true, goog:chromeOptions: {debuggerAddress: localhost:64127}, networkConnectionEnabled: false, pageLoadStrategy: normal, platformName: mac, proxy: Proxy(), se:cdp: ws://localhost:64127/devtoo..., se:cdpVersion: 117.0.5938.149, setWindowRect: true, strictFileInteractability: false, timeouts: {implicit: 0, pageLoad: 300000, script: 30000}, unhandledPromptBehavior: dismiss and notify, webauthn:extension:credBlob: true, webauthn:extension:largeBlob: true, webauthn:extension:minPinLength: true, webauthn:extension:prf: true, webauthn:virtualAuthenticators: true}\nSession ID: 2d76d0637b2f965535592c2f6df2eb46","trace":"org.openqa.selenium.WebDriverException: Timed out waiting for driver server to stop.\nBuild info: version: '4.13.0', revision: 'ba948ece5b*'\nSystem info: os.name: 'Mac OS X', os.arch: 'x86_64', os.version: '14.0', java.version: '21'\nDriver info: org.openqa.selenium.chrome.ChromeDriver\nCommand: [2d76d0637b2f965535592c2f6df2eb46, quit {}]\nCapabilities {acceptInsecureCerts: false, browserName: chrome, browserVersion: 117.0.5938.149, chrome: {chromedriverVersion: 117.0.5938.92 (67649b10b92b..., userDataDir: /var/folders/10/ksb8skmx6tj...}, fedcm:accounts: true, goog:chromeOptions: {debuggerAddress: localhost:64127}, networkConnectionEnabled: false, pageLoadStrategy: normal, platformName: mac, proxy: Proxy(), se:cdp: ws://localhost:64127/devtoo..., se:cdpVersion: 117.0.5938.149, setWindowRect: true, strictFileInteractability: false, timeouts: {implicit: 0, pageLoad: 300000, script: 30000}, unhandledPromptBehavior: dismiss and notify, webauthn:extension:credBlob: true, webauthn:extension:largeBlob: true, webauthn:extension:minPinLength: true, webauthn:extension:prf: true, webauthn:virtualAuthenticators: true}\nSession ID: 2d76d0637b2f965535592c2f6df2eb46\n\tat org.openqa.selenium.remote.service.DriverCommandExecutor.execute(DriverCommandExecutor.java:161)\n\tat org.openqa.selenium.remote.RemoteWebDriver.execute(RemoteWebDriver.java:602)\n\tat org.openqa.selenium.remote.RemoteWebDriver.execute(RemoteWebDriver.java:675)\n\tat org.openqa.selenium.remote.RemoteWebDriver.execute(RemoteWebDriver.java:679)\n\tat org.openqa.selenium.remote.RemoteWebDriver.quit(RemoteWebDriver.java:437)\n\tat org.openqa.selenium.chromium.ChromiumDriver.quit(ChromiumDriver.java:351)\n\tat cuesz.utils.WebDriverManager.quitDriver(WebDriverManager.java:48)\n\tat cuesz.schduletest.advocate.Step12_11_SE_createventtimelongerthan15minformebercalltest.tearDown(Step12_11_SE_createventtimelongerthan15minformebercalltest.java:88)\n\tat java.base/jdk.internal.reflect.DirectMethodHandleAccessor.invoke(DirectMethodHandleAccessor.java:103)\n\tat java.base/java.lang.reflect.Method.invoke(Method.java:580)\n\tat org.testng.internal.MethodInvocationHelper.invokeMethod(MethodInvocationHelper.java:108)\n\tat org.testng.internal.Invoker.invokeConfigurationMethod(Invoker.java:523)\n\tat org.testng.internal.Invoker.invokeConfigurations(Invoker.java:224)\n\tat org.testng.internal.Invoker.invokeConfigurations(Invoker.java:146)\n\tat org.testng.internal.TestMethodWorker.invokeAfterClassMethods(TestMethodWorker.java:212)\n\tat org.testng.internal.TestMethodWorker.run(TestMethodWorker.java:112)\n\tat org.testng.TestRunner.privateRun(TestRunner.java:744)\n\tat org.testng.TestRunner.run(TestRunner.java:602)\n\tat org.testng.SuiteRunner.runTest(SuiteRunner.java:380)\n\tat org.testng.SuiteRunner.runSequentially(SuiteRunner.java:375)\n\tat org.testng.SuiteRunner.privateRun(SuiteRunner.java:340)\n\tat org.testng.SuiteRunner.run(SuiteRunner.java:289)\n\tat org.testng.SuiteRunnerWorker.runSuite(SuiteRunnerWorker.java:52)\n\tat org.testng.SuiteRunnerWorker.run(SuiteRunnerWorker.java:86)\n\tat org.testng.TestNG.runSuitesSequentially(TestNG.java:1301)\n\tat org.testng.TestNG.runSuitesLocally(TestNG.java:1226)\n\tat org.testng.TestNG.runSuites(TestNG.java:1144)\n\tat org.testng.TestNG.run(TestNG.java:1115)\n\tat org.testng.remote.AbstractRemoteTestNG.run(AbstractRemoteTestNG.java:115)\n\tat org.testng.remote.RemoteTestNG.initAndRun(RemoteTestNG.java:251)\n\tat org.testng.remote.RemoteTestNG.main(RemoteTestNG.java:77)\nCaused by: java.util.concurrent.ExecutionException: org.openqa.selenium.TimeoutException: Process timed out after waiting for 20000 ms.\nBuild info: version: '4.13.0', revision: 'ba948ece5b*'\nSystem info: os.name: 'Mac OS X', os.arch: 'x86_64', os.version: '14.0', java.version: '21'\nDriver info: driver.version: unknown\n\tat java.base/java.util.concurrent.CompletableFuture.reportGet(CompletableFuture.java:396)\n\tat java.base/java.util.concurrent.CompletableFuture.get(CompletableFuture.java:2096)\n\tat org.openqa.selenium.remote.service.DriverCommandExecutor.execute(DriverCommandExecutor.java:157)\n\t... 30 more\nCaused by: org.openqa.selenium.TimeoutException: Process timed out after waiting for 20000 ms.\nBuild info: version: '4.13.0', revision: 'ba948ece5b*'\nSystem info: os.name: 'Mac OS X', os.arch: 'x86_64', os.version: '14.0', java.version: '21'\nDriver info: driver.version: unknown\n\tat org.openqa.selenium.os.OsProcess.waitFor(OsProcess.java:183)\n\tat org.openqa.selenium.os.CommandLine.waitFor(CommandLine.java:117)\n\tat org.openqa.selenium.remote.service.DriverCommandExecutor.lambda$execute$2(DriverCommandExecutor.java:148)\n\tat java.base/java.util.concurrent.CompletableFuture$AsyncSupply.run(CompletableFuture.java:1768)\n\tat java.base/java.util.concurrent.ThreadPoolExecutor.runWorker(ThreadPoolExecutor.java:1144)\n\tat java.base/java.util.concurrent.ThreadPoolExecutor$Worker.run(ThreadPoolExecutor.java:642)\n\tat java.base/java.lang.Thread.run(Thread.java:1583)\n"},"stage":"finished","steps":[],"attachments":[],"parameters":[],"start":1696699995597,"stop":1696699995598}