<?xml version="1.0" encoding="UTF-8"?>
<testsuite name="Test"
           tests="3"
           failures="1"
           errors="0"
           skipped="2"
           time="0.001">
    <properties></properties>

            <testcase
                name="setUp"
                time="0.001"
                classname="cuesz.schduletest.advocate.Case12_02_SE_createvent_withpastdate">

            <failure type="org.openqa.selenium.NoSuchSessionException" message="Session ID is null. Using WebDriver after calling quit()?
Build info: version: &apos;4.12.1&apos;, revision: &apos;8e34639b11&apos;
System info: os.name: &apos;Mac OS X&apos;, os.arch: &apos;x86_64&apos;, os.version: &apos;13.6&apos;, java.version: &apos;21&apos;
Driver info: org.openqa.selenium.chrome.ChromeDriver
Command: [null, maximizeCurrentWindow {}]
Capabilities {acceptInsecureCerts: false, browserName: chrome, browserVersion: 117.0.5938.92, chrome: {chromedriverVersion: 117.0.5938.92 (67649b10b92b..., userDataDir: /var/folders/10/ksb8skmx6tj...}, fedcm:accounts: true, goog:chromeOptions: {debuggerAddress: localhost:51732}, networkConnectionEnabled: false, pageLoadStrategy: normal, platformName: mac, proxy: Proxy(), se:cdp: ws://localhost:51732/devtoo..., se:cdpVersion: 117.0.5938.92, setWindowRect: true, strictFileInteractability: false, timeouts: {implicit: 0, pageLoad: 300000, script: 30000}, unhandledPromptBehavior: dismiss and notify, webauthn:extension:credBlob: true, webauthn:extension:largeBlob: true, webauthn:extension:minPinLength: true, webauthn:extension:prf: true, webauthn:virtualAuthenticators: true}">
                <![CDATA[org.openqa.selenium.NoSuchSessionException: Session ID is null. Using WebDriver after calling quit()?
Build info: version: '4.12.1', revision: '8e34639b11'
System info: os.name: 'Mac OS X', os.arch: 'x86_64', os.version: '13.6', java.version: '21'
Driver info: org.openqa.selenium.chrome.ChromeDriver
Command: [null, maximizeCurrentWindow {}]
Capabilities {acceptInsecureCerts: false, browserName: chrome, browserVersion: 117.0.5938.92, chrome: {chromedriverVersion: 117.0.5938.92 (67649b10b92b..., userDataDir: /var/folders/10/ksb8skmx6tj...}, fedcm:accounts: true, goog:chromeOptions: {debuggerAddress: localhost:51732}, networkConnectionEnabled: false, pageLoadStrategy: normal, platformName: mac, proxy: Proxy(), se:cdp: ws://localhost:51732/devtoo..., se:cdpVersion: 117.0.5938.92, setWindowRect: true, strictFileInteractability: false, timeouts: {implicit: 0, pageLoad: 300000, script: 30000}, unhandledPromptBehavior: dismiss and notify, webauthn:extension:credBlob: true, webauthn:extension:largeBlob: true, webauthn:extension:minPinLength: true, webauthn:extension:prf: true, webauthn:virtualAuthenticators: true}
                org.openqa.selenium.remote.HttpCommandExecutor.execute(HttpCommandExecutor.java:152)org.openqa.selenium.remote.service.DriverCommandExecutor.invokeExecute(DriverCommandExecutor.java:196)org.openqa.selenium.remote.service.DriverCommandExecutor.execute(DriverCommandExecutor.java:171)org.openqa.selenium.remote.RemoteWebDriver.execute(RemoteWebDriver.java:602)org.openqa.selenium.remote.RemoteWebDriver.execute(RemoteWebDriver.java:675)org.openqa.selenium.remote.RemoteWebDriver.execute(RemoteWebDriver.java:679)org.openqa.selenium.remote.RemoteWebDriver$RemoteWebDriverOptions$RemoteWindow.maximize(RemoteWebDriver.java:1062)cuesz.schduletest.advocate.Case12_02_SE_createvent_withpastdate.setUp(Case12_02_SE_createvent_withpastdate.java:31)java.base/jdk.internal.reflect.DirectMethodHandleAccessor.invoke(DirectMethodHandleAccessor.java:103)java.base/java.lang.reflect.Method.invoke(Method.java:580)org.testng.internal.MethodInvocationHelper.invokeMethod(MethodInvocationHelper.java:108)org.testng.internal.Invoker.invokeConfigurationMethod(Invoker.java:523)org.testng.internal.Invoker.invokeConfigurations(Invoker.java:224)org.testng.internal.Invoker.invokeConfigurations(Invoker.java:146)org.testng.internal.TestMethodWorker.invokeBeforeClassMethods(TestMethodWorker.java:166)org.testng.internal.TestMethodWorker.run(TestMethodWorker.java:105)org.testng.TestRunner.privateRun(TestRunner.java:744)org.testng.TestRunner.run(TestRunner.java:602)org.testng.SuiteRunner.runTest(SuiteRunner.java:380)org.testng.SuiteRunner.runSequentially(SuiteRunner.java:375)org.testng.SuiteRunner.privateRun(SuiteRunner.java:340)org.testng.SuiteRunner.run(SuiteRunner.java:289)org.testng.SuiteRunnerWorker.runSuite(SuiteRunnerWorker.java:52)org.testng.SuiteRunnerWorker.run(SuiteRunnerWorker.java:86)org.testng.TestNG.runSuitesSequentially(TestNG.java:1301)org.testng.TestNG.runSuitesLocally(TestNG.java:1226)org.testng.TestNG.runSuites(TestNG.java:1144)org.testng.TestNG.run(TestNG.java:1115)org.testng.remote.AbstractRemoteTestNG.run(AbstractRemoteTestNG.java:115)org.testng.remote.RemoteTestNG.initAndRun(RemoteTestNG.java:251)org.testng.remote.RemoteTestNG.main(RemoteTestNG.java:77)
]]>
            </failure>
    </testcase>

            <testcase
                name="tearDown"
                time="0.0"
                classname="cuesz.schduletest.advocate.Case12_02_SE_createvent_withpastdate">
            </testcase>
            <testcase
                name="advocateSchedulewithpastdateEventTest"
                time="0.0"
                classname="cuesz.schduletest.advocate.Case12_02_SE_createvent_withpastdate">
            </testcase>

</testsuite>
