<?xml version="1.0" encoding="UTF-8"?>
<testsuite name="Default test"
           tests="3"
           failures="1"
           errors="0"
           skipped="2"
           time="0.051">
    <properties></properties>

            <testcase
                name="setUp"
                time="0.051"
                classname="cuesz.logictest.coach.Case36_MSL_Staffnotestest">

            <failure type="org.openqa.selenium.remote.NoSuchDriverException" message="chromedriver located at /Users/chicmic/Desktop/Importfolder/chromedriver-mac-x64/chromedriver , but invalid
For documentation on this error, please visit: https://www.selenium.dev/documentation/webdriver/troubleshooting/errors/driver_location/
Build info: version: &apos;4.12.1&apos;, revision: &apos;8e34639b11&apos;
System info: os.name: &apos;Mac OS X&apos;, os.arch: &apos;x86_64&apos;, os.version: &apos;13.6&apos;, java.version: &apos;21&apos;
Driver info: driver.version: ChromeDriver">
                <![CDATA[org.openqa.selenium.remote.NoSuchDriverException: chromedriver located at /Users/chicmic/Desktop/Importfolder/chromedriver-mac-x64/chromedriver , but invalid
For documentation on this error, please visit: https://www.selenium.dev/documentation/webdriver/troubleshooting/errors/driver_location/
Build info: version: '4.12.1', revision: '8e34639b11'
System info: os.name: 'Mac OS X', os.arch: 'x86_64', os.version: '13.6', java.version: '21'
Driver info: driver.version: ChromeDriver
                org.openqa.selenium.remote.service.DriverFinder.getPath(DriverFinder.java:45)org.openqa.selenium.remote.service.DriverFinder.getPath(DriverFinder.java:13)org.openqa.selenium.chrome.ChromeDriver.generateExecutor(ChromeDriver.java:99)org.openqa.selenium.chrome.ChromeDriver.<init>(ChromeDriver.java:88)org.openqa.selenium.chrome.ChromeDriver.<init>(ChromeDriver.java:83)org.openqa.selenium.chrome.ChromeDriver.<init>(ChromeDriver.java:51)cuesz.utils.WebDriverManager.getDriver(WebDriverManager.java:105)cuesz.logictest.coach.Case36_MSL_Staffnotestest.setUp(Case36_MSL_Staffnotestest.java:32)java.base/jdk.internal.reflect.DirectMethodHandleAccessor.invoke(DirectMethodHandleAccessor.java:103)java.base/java.lang.reflect.Method.invoke(Method.java:580)org.testng.internal.MethodInvocationHelper.invokeMethod(MethodInvocationHelper.java:108)org.testng.internal.Invoker.invokeConfigurationMethod(Invoker.java:523)org.testng.internal.Invoker.invokeConfigurations(Invoker.java:224)org.testng.internal.Invoker.invokeConfigurations(Invoker.java:146)org.testng.internal.TestMethodWorker.invokeBeforeClassMethods(TestMethodWorker.java:166)org.testng.internal.TestMethodWorker.run(TestMethodWorker.java:105)org.testng.TestRunner.privateRun(TestRunner.java:744)org.testng.TestRunner.run(TestRunner.java:602)org.testng.SuiteRunner.runTest(SuiteRunner.java:380)org.testng.SuiteRunner.runSequentially(SuiteRunner.java:375)org.testng.SuiteRunner.privateRun(SuiteRunner.java:340)org.testng.SuiteRunner.run(SuiteRunner.java:289)org.testng.SuiteRunnerWorker.runSuite(SuiteRunnerWorker.java:52)org.testng.SuiteRunnerWorker.run(SuiteRunnerWorker.java:86)org.testng.TestNG.runSuitesSequentially(TestNG.java:1301)org.testng.TestNG.runSuitesLocally(TestNG.java:1226)org.testng.TestNG.runSuites(TestNG.java:1144)org.testng.TestNG.run(TestNG.java:1115)org.testng.remote.AbstractRemoteTestNG.run(AbstractRemoteTestNG.java:115)org.testng.remote.RemoteTestNG.initAndRun(RemoteTestNG.java:251)org.testng.remote.RemoteTestNG.main(RemoteTestNG.java:77)
]]>
            </failure>
    </testcase>

            <testcase
                name="tearDown"
                time="0.0"
                classname="cuesz.logictest.coach.Case36_MSL_Staffnotestest">
            </testcase>
            <testcase
                name="advocatelogicmemberTest"
                time="0.0"
                classname="cuesz.logictest.coach.Case36_MSL_Staffnotestest">
            </testcase>

</testsuite>
