<?xml version="1.0" encoding="UTF-8"?>
<testsuite name="Default test"
           tests="1"
           failures="1"
           errors="0"
           skipped="0"
           time="35.867">
    <properties></properties>

            <testcase
                name="advocateScheduleEventTest"
                time="35.867"
                classname="cuesz.membersummarytest.advocate.Case33_MS_Uploadposturetest">

            <failure type="org.openqa.selenium.InvalidArgumentException" message="invalid argument: File not found : Users/chicmicmac/git/Cuesz_AutomationTests/Uploadposture/back.jpeg
  (Session info: chrome=117.0.5938.62)
Build info: version: &apos;4.10.0&apos;, revision: &apos;c14d967899&apos;
System info: os.name: &apos;Mac OS X&apos;, os.arch: &apos;x86_64&apos;, os.version: &apos;14.0&apos;, java.version: &apos;17.0.7&apos;
Driver info: org.openqa.selenium.chrome.ChromeDriver
Command: [dec81ec502f1369fc6b0771121771236, sendKeysToElement {id=92F3D28359043D2797006F32F1CBBDE6_element_294, value=[Ljava.lang.CharSequence;@698fee9a}]
Capabilities {acceptInsecureCerts: false, browserName: chrome, browserVersion: 117.0.5938.62, chrome: {chromedriverVersion: 116.0.5845.96 (1a3918166880..., userDataDir: /var/folders/1c/_z4g5fpj1y7...}, fedcm:accounts: true, goog:chromeOptions: {debuggerAddress: localhost:53314}, networkConnectionEnabled: false, pageLoadStrategy: normal, platformName: mac, proxy: Proxy(), se:cdp: ws://localhost:53314/devtoo..., se:cdpVersion: 117.0.5938.62, setWindowRect: true, strictFileInteractability: false, timeouts: {implicit: 0, pageLoad: 300000, script: 30000}, unhandledPromptBehavior: dismiss and notify, webauthn:extension:credBlob: true, webauthn:extension:largeBlob: true, webauthn:extension:minPinLength: true, webauthn:extension:prf: true, webauthn:virtualAuthenticators: true}
Element: [[ChromeDriver: chrome on mac (dec81ec502f1369fc6b0771121771236)] -&gt; xpath: (//div[@role=&apos;button&apos;])[4]//input[@type=&apos;file&apos;]]
Session ID: dec81ec502f1369fc6b0771121771236">
                <![CDATA[org.openqa.selenium.InvalidArgumentException: invalid argument: File not found : Users/chicmicmac/git/Cuesz_AutomationTests/Uploadposture/back.jpeg
  (Session info: chrome=117.0.5938.62)
Build info: version: '4.10.0', revision: 'c14d967899'
System info: os.name: 'Mac OS X', os.arch: 'x86_64', os.version: '14.0', java.version: '17.0.7'
Driver info: org.openqa.selenium.chrome.ChromeDriver
Command: [dec81ec502f1369fc6b0771121771236, sendKeysToElement {id=92F3D28359043D2797006F32F1CBBDE6_element_294, value=[Ljava.lang.CharSequence;@698fee9a}]
Capabilities {acceptInsecureCerts: false, browserName: chrome, browserVersion: 117.0.5938.62, chrome: {chromedriverVersion: 116.0.5845.96 (1a3918166880..., userDataDir: /var/folders/1c/_z4g5fpj1y7...}, fedcm:accounts: true, goog:chromeOptions: {debuggerAddress: localhost:53314}, networkConnectionEnabled: false, pageLoadStrategy: normal, platformName: mac, proxy: Proxy(), se:cdp: ws://localhost:53314/devtoo..., se:cdpVersion: 117.0.5938.62, setWindowRect: true, strictFileInteractability: false, timeouts: {implicit: 0, pageLoad: 300000, script: 30000}, unhandledPromptBehavior: dismiss and notify, webauthn:extension:credBlob: true, webauthn:extension:largeBlob: true, webauthn:extension:minPinLength: true, webauthn:extension:prf: true, webauthn:virtualAuthenticators: true}
Element: [[ChromeDriver: chrome on mac (dec81ec502f1369fc6b0771121771236)] -> xpath: (//div[@role='button'])[4]//input[@type='file']]
Session ID: dec81ec502f1369fc6b0771121771236
                java.base/jdk.internal.reflect.NativeConstructorAccessorImpl.newInstance0(Native Method)java.base/jdk.internal.reflect.NativeConstructorAccessorImpl.newInstance(NativeConstructorAccessorImpl.java:77)java.base/jdk.internal.reflect.DelegatingConstructorAccessorImpl.newInstance(DelegatingConstructorAccessorImpl.java:45)java.base/java.lang.reflect.Constructor.newInstanceWithCaller(Constructor.java:499)java.base/java.lang.reflect.Constructor.newInstance(Constructor.java:480)org.openqa.selenium.remote.codec.w3c.W3CHttpResponseCodec.createException(W3CHttpResponseCodec.java:199)org.openqa.selenium.remote.codec.w3c.W3CHttpResponseCodec.decode(W3CHttpResponseCodec.java:132)org.openqa.selenium.remote.codec.w3c.W3CHttpResponseCodec.decode(W3CHttpResponseCodec.java:51)org.openqa.selenium.remote.HttpCommandExecutor.execute(HttpCommandExecutor.java:191)org.openqa.selenium.remote.service.DriverCommandExecutor.invokeExecute(DriverCommandExecutor.java:196)org.openqa.selenium.remote.service.DriverCommandExecutor.execute(DriverCommandExecutor.java:171)org.openqa.selenium.remote.RemoteWebDriver.execute(RemoteWebDriver.java:531)org.openqa.selenium.remote.RemoteWebElement.execute(RemoteWebElement.java:242)org.openqa.selenium.remote.RemoteWebElement.sendKeys(RemoteWebElement.java:111)cuesz.membersummary.Case33_MS_Uploadposture.uploadposture(Case33_MS_Uploadposture.java:87)cuesz.membersummarytest.advocate.Case33_MS_Uploadposturetest.advocateScheduleEventTest(Case33_MS_Uploadposturetest.java:52)java.base/jdk.internal.reflect.NativeMethodAccessorImpl.invoke0(Native Method)java.base/jdk.internal.reflect.NativeMethodAccessorImpl.invoke(NativeMethodAccessorImpl.java:77)java.base/jdk.internal.reflect.DelegatingMethodAccessorImpl.invoke(DelegatingMethodAccessorImpl.java:43)java.base/java.lang.reflect.Method.invoke(Method.java:568)org.testng.internal.invokers.MethodInvocationHelper.invokeMethod(MethodInvocationHelper.java:139)org.testng.internal.invokers.TestInvoker.invokeMethod(TestInvoker.java:664)org.testng.internal.invokers.TestInvoker.invokeTestMethod(TestInvoker.java:227)org.testng.internal.invokers.MethodRunner.runInSequence(MethodRunner.java:50)org.testng.internal.invokers.TestInvoker$MethodInvocationAgent.invoke(TestInvoker.java:957)org.testng.internal.invokers.TestInvoker.invokeTestMethods(TestInvoker.java:200)org.testng.internal.invokers.TestMethodWorker.invokeTestMethods(TestMethodWorker.java:148)org.testng.internal.invokers.TestMethodWorker.run(TestMethodWorker.java:128)java.base/java.util.ArrayList.forEach(ArrayList.java:1511)org.testng.TestRunner.privateRun(TestRunner.java:848)org.testng.TestRunner.run(TestRunner.java:621)org.testng.SuiteRunner.runTest(SuiteRunner.java:443)org.testng.SuiteRunner.runSequentially(SuiteRunner.java:437)org.testng.SuiteRunner.privateRun(SuiteRunner.java:397)org.testng.SuiteRunner.run(SuiteRunner.java:336)org.testng.SuiteRunnerWorker.runSuite(SuiteRunnerWorker.java:52)org.testng.SuiteRunnerWorker.run(SuiteRunnerWorker.java:95)org.testng.TestNG.runSuitesSequentially(TestNG.java:1280)org.testng.TestNG.runSuitesLocally(TestNG.java:1200)org.testng.TestNG.runSuites(TestNG.java:1114)org.testng.TestNG.run(TestNG.java:1082)org.testng.remote.AbstractRemoteTestNG.run(AbstractRemoteTestNG.java:115)org.testng.remote.RemoteTestNG.initAndRun(RemoteTestNG.java:251)org.testng.remote.RemoteTestNG.main(RemoteTestNG.java:77)
]]>
            </failure>
    </testcase>


</testsuite>
